<?xml version="1.0" encoding="UTF-8"?>
<!-- Generated by org.testng.reporters.JUnitXMLReporter -->
<testsuite ignored="0" hostname="DESKTOP-99P843S" failures="0" tests="15" name="Surefire test" time="33.618" errors="0" timestamp="2024-03-17T13:15:20 IST">
  <testcase classname="api.test.Data_Driven_User_Test" name="Create_User" time="5.568"/>
  <testcase classname="api.test.Data_Driven_User_Test" name="Create_User" time="1.69"/>
  <testcase classname="api.test.Data_Driven_User_Test" name="Create_User" time="1.592"/>
  <testcase classname="api.test.Data_Driven_User_Test" name="Create_User" time="1.676"/>
  <testcase classname="api.test.Data_Driven_User_Test" name="Create_User" time="1.62"/>
  <testcase classname="api.test.Data_Driven_User_Test" name="Get_User" time="1.744"/>
  <testcase classname="api.test.Data_Driven_User_Test" name="Get_User" time="1.515"/>
  <testcase classname="api.test.Data_Driven_User_Test" name="Get_User" time="1.606"/>
  <testcase classname="api.test.Data_Driven_User_Test" name="Get_User" time="1.668"/>
  <testcase classname="api.test.Data_Driven_User_Test" name="Get_User" time="1.52"/>
  <testcase classname="api.test.Data_Driven_User_Test" name="delete_User" time="1.678"/>
  <testcase classname="api.test.Data_Driven_User_Test" name="delete_User" time="1.555"/>
  <testcase classname="api.test.Data_Driven_User_Test" name="delete_User" time="1.593"/>
  <testcase classname="api.test.Data_Driven_User_Test" name="delete_User" time="1.589"/>
  <testcase classname="api.test.Data_Driven_User_Test" name="delete_User" time="1.527"/>
</testsuite> <!-- Surefire test -->
