<?xml version="1.0" encoding="UTF-8"?>
<!-- Generated by org.testng.reporters.JUnitXMLReporter -->
<testsuite ignored="0" hostname="DESKTOP-99P843S" failures="0" tests="15" name="Default test" time="33.722" errors="0" timestamp="2024-03-15T16:16:32 IST">
  <testcase classname="api.test.Data_Driven_User_Test" name="Create_User" time="5.374"/>
  <testcase classname="api.test.Data_Driven_User_Test" name="Create_User" time="1.746"/>
  <testcase classname="api.test.Data_Driven_User_Test" name="Create_User" time="1.567"/>
  <testcase classname="api.test.Data_Driven_User_Test" name="Create_User" time="1.587"/>
  <testcase classname="api.test.Data_Driven_User_Test" name="Create_User" time="1.883"/>
  <testcase classname="api.test.Data_Driven_User_Test" name="Get_User" time="1.677"/>
  <testcase classname="api.test.Data_Driven_User_Test" name="Get_User" time="1.602"/>
  <testcase classname="api.test.Data_Driven_User_Test" name="Get_User" time="1.748"/>
  <testcase classname="api.test.Data_Driven_User_Test" name="Get_User" time="1.596"/>
  <testcase classname="api.test.Data_Driven_User_Test" name="Get_User" time="1.593"/>
  <testcase classname="api.test.Data_Driven_User_Test" name="delete_User" time="1.676"/>
  <testcase classname="api.test.Data_Driven_User_Test" name="delete_User" time="1.759"/>
  <testcase classname="api.test.Data_Driven_User_Test" name="delete_User" time="2.652"/>
  <testcase classname="api.test.Data_Driven_User_Test" name="delete_User" time="1.57"/>
  <testcase classname="api.test.Data_Driven_User_Test" name="delete_User" time="1.651"/>
</testsuite> <!-- Default test -->
