<?xml version="1.0" encoding="UTF-8"?>
<!-- Generated by org.testng.reporters.JUnitXMLReporter -->
<testsuite ignored="0" hostname="DESKTOP-99P843S" failures="0" tests="23" name="Test" time="49.456" errors="0" timestamp="2024-03-17T13:26:54 IST">
  <testcase classname="api.test.User_Test_Case" name="create_user" time="5.238"/>
  <testcase classname="api.test.User_Test_Case" name="get_user" time="1.646"/>
  <testcase classname="api.test.User_Test_Case" name="update_user" time="3.204"/>
  <testcase classname="api.test.User_Test_Case" name="delete_user" time="1.707"/>
  <testcase classname="api.test.Data_Driven_User_Test" name="Create_User" time="1.617"/>
  <testcase classname="api.test.Data_Driven_User_Test" name="Create_User" time="1.672"/>
  <testcase classname="api.test.Data_Driven_User_Test" name="Create_User" time="1.589"/>
  <testcase classname="api.test.Data_Driven_User_Test" name="Create_User" time="1.574"/>
  <testcase classname="api.test.Data_Driven_User_Test" name="Create_User" time="1.669"/>
  <testcase classname="api.test.Data_Driven_User_Test" name="Get_User" time="1.644"/>
  <testcase classname="api.test.Data_Driven_User_Test" name="Get_User" time="1.588"/>
  <testcase classname="api.test.Data_Driven_User_Test" name="Get_User" time="1.593"/>
  <testcase classname="api.test.Data_Driven_User_Test" name="Get_User" time="1.557"/>
  <testcase classname="api.test.Data_Driven_User_Test" name="Get_User" time="1.555"/>
  <testcase classname="api.test.Data_Driven_User_Test" name="delete_User" time="1.536"/>
  <testcase classname="api.test.Data_Driven_User_Test" name="delete_User" time="1.554"/>
  <testcase classname="api.test.Data_Driven_User_Test" name="delete_User" time="1.729"/>
  <testcase classname="api.test.Data_Driven_User_Test" name="delete_User" time="1.617"/>
  <testcase classname="api.test.Data_Driven_User_Test" name="delete_User" time="1.603"/>
  <testcase classname="api.test.User_properties_file" name="create_user" time="1.49"/>
  <testcase classname="api.test.User_properties_file" name="get_user" time="1.593"/>
  <testcase classname="api.test.User_properties_file" name="update_user" time="3.184"/>
  <testcase classname="api.test.User_properties_file" name="delete_user" time="1.593"/>
</testsuite> <!-- Test -->
