<?xml version="1.0" encoding="UTF-8"?>
<!-- Generated by org.testng.reporters.JUnitXMLReporter -->
<testsuite ignored="0" hostname="DESKTOP-99P843S" failures="0" tests="23" name="Test" time="50.537" errors="0" timestamp="2024-03-17T13:21:25 IST">
  <testcase classname="api.test.User_Test_Case" name="create_user" time="5.353"/>
  <testcase classname="api.test.User_Test_Case" name="get_user" time="1.64"/>
  <testcase classname="api.test.User_Test_Case" name="update_user" time="3.184"/>
  <testcase classname="api.test.User_Test_Case" name="delete_user" time="1.557"/>
  <testcase classname="api.test.Data_Driven_User_Test" name="Create_User" time="1.774"/>
  <testcase classname="api.test.Data_Driven_User_Test" name="Create_User" time="1.573"/>
  <testcase classname="api.test.Data_Driven_User_Test" name="Create_User" time="1.866"/>
  <testcase classname="api.test.Data_Driven_User_Test" name="Create_User" time="1.593"/>
  <testcase classname="api.test.Data_Driven_User_Test" name="Create_User" time="1.561"/>
  <testcase classname="api.test.Data_Driven_User_Test" name="Get_User" time="1.552"/>
  <testcase classname="api.test.Data_Driven_User_Test" name="Get_User" time="1.479"/>
  <testcase classname="api.test.Data_Driven_User_Test" name="Get_User" time="1.598"/>
  <testcase classname="api.test.Data_Driven_User_Test" name="Get_User" time="1.626"/>
  <testcase classname="api.test.Data_Driven_User_Test" name="Get_User" time="1.755"/>
  <testcase classname="api.test.Data_Driven_User_Test" name="delete_User" time="1.708"/>
  <testcase classname="api.test.Data_Driven_User_Test" name="delete_User" time="1.892"/>
  <testcase classname="api.test.Data_Driven_User_Test" name="delete_User" time="1.715"/>
  <testcase classname="api.test.Data_Driven_User_Test" name="delete_User" time="1.679"/>
  <testcase classname="api.test.Data_Driven_User_Test" name="delete_User" time="1.628"/>
  <testcase classname="api.test.User_properties_file" name="create_user" time="1.586"/>
  <testcase classname="api.test.User_properties_file" name="get_user" time="1.585"/>
  <testcase classname="api.test.User_properties_file" name="update_user" time="3.163"/>
  <testcase classname="api.test.User_properties_file" name="delete_user" time="1.58"/>
</testsuite> <!-- Test -->
