<?xml version="1.0" encoding="UTF-8"?>
<testng-results ignored="0" total="23" passed="23" failed="0" skipped="0">
  <reporter-output>
  </reporter-output>
  <suite started-at="2024-03-17T13:20:34 IST" name="Suite" finished-at="2024-03-17T13:21:24 IST" duration-ms="50537">
    <groups>
    </groups>
    <test started-at="2024-03-17T13:20:34 IST" name="Test" finished-at="2024-03-17T13:21:24 IST" duration-ms="50537">
      <class name="api.test.Data_Driven_User_Test">
        <test-method signature="Create_User(java.lang.String,java.lang.String,java.lang.String,java.lang.String,java.lang.String,java.lang.String,java.lang.String,java.lang.String)[pri:1, instance:api.test.Data_Driven_User_Test@29626d54]" started-at="2024-03-17T13:20:51 IST" name="Create_User" data-provider="User_info" finished-at="2024-03-17T13:20:52 IST" duration-ms="1774" status="PASS">
          <params>
            <param index="0">
              <value>
                <![CDATA[1234]]>
              </value>
            </param>
            <param index="1">
              <value>
                <![CDATA[Test1]]>
              </value>
            </param>
            <param index="2">
              <value>
                <![CDATA[Shashikant]]>
              </value>
            </param>
            <param index="3">
              <value>
                <![CDATA[Kokitakar]]>
              </value>
            </param>
            <param index="4">
              <value>
                <![CDATA[Test1@mail.com]]>
              </value>
            </param>
            <param index="5">
              <value>
                <![CDATA[Test1@1]]>
              </value>
            </param>
            <param index="6">
              <value>
                <![CDATA[1234567890]]>
              </value>
            </param>
            <param index="7">
              <value>
                <![CDATA[0]]>
              </value>
            </param>
          </params>
          <reporter-output>
          </reporter-output>
        </test-method> <!-- Create_User -->
        <test-method signature="Create_User(java.lang.String,java.lang.String,java.lang.String,java.lang.String,java.lang.String,java.lang.String,java.lang.String,java.lang.String)[pri:1, instance:api.test.Data_Driven_User_Test@29626d54]" started-at="2024-03-17T13:20:52 IST" name="Create_User" data-provider="User_info" finished-at="2024-03-17T13:20:54 IST" duration-ms="1573" status="PASS">
          <params>
            <param index="0">
              <value>
                <![CDATA[1235]]>
              </value>
            </param>
            <param index="1">
              <value>
                <![CDATA[Test2]]>
              </value>
            </param>
            <param index="2">
              <value>
                <![CDATA[Shekhar]]>
              </value>
            </param>
            <param index="3">
              <value>
                <![CDATA[Kokitakar]]>
              </value>
            </param>
            <param index="4">
              <value>
                <![CDATA[Test2@mail.com]]>
              </value>
            </param>
            <param index="5">
              <value>
                <![CDATA[Test2@2]]>
              </value>
            </param>
            <param index="6">
              <value>
                <![CDATA[1234567891]]>
              </value>
            </param>
            <param index="7">
              <value>
                <![CDATA[0]]>
              </value>
            </param>
          </params>
          <reporter-output>
          </reporter-output>
        </test-method> <!-- Create_User -->
        <test-method signature="Create_User(java.lang.String,java.lang.String,java.lang.String,java.lang.String,java.lang.String,java.lang.String,java.lang.String,java.lang.String)[pri:1, instance:api.test.Data_Driven_User_Test@29626d54]" started-at="2024-03-17T13:20:54 IST" name="Create_User" data-provider="User_info" finished-at="2024-03-17T13:20:56 IST" duration-ms="1866" status="PASS">
          <params>
            <param index="0">
              <value>
                <![CDATA[1236]]>
              </value>
            </param>
            <param index="1">
              <value>
                <![CDATA[Test3]]>
              </value>
            </param>
            <param index="2">
              <value>
                <![CDATA[Shreya]]>
              </value>
            </param>
            <param index="3">
              <value>
                <![CDATA[Salve]]>
              </value>
            </param>
            <param index="4">
              <value>
                <![CDATA[Test3@mail.com]]>
              </value>
            </param>
            <param index="5">
              <value>
                <![CDATA[Test3@3]]>
              </value>
            </param>
            <param index="6">
              <value>
                <![CDATA[1234567892]]>
              </value>
            </param>
            <param index="7">
              <value>
                <![CDATA[0]]>
              </value>
            </param>
          </params>
          <reporter-output>
          </reporter-output>
        </test-method> <!-- Create_User -->
        <test-method signature="Create_User(java.lang.String,java.lang.String,java.lang.String,java.lang.String,java.lang.String,java.lang.String,java.lang.String,java.lang.String)[pri:1, instance:api.test.Data_Driven_User_Test@29626d54]" started-at="2024-03-17T13:20:56 IST" name="Create_User" data-provider="User_info" finished-at="2024-03-17T13:20:58 IST" duration-ms="1593" status="PASS">
          <params>
            <param index="0">
              <value>
                <![CDATA[1237]]>
              </value>
            </param>
            <param index="1">
              <value>
                <![CDATA[Test4]]>
              </value>
            </param>
            <param index="2">
              <value>
                <![CDATA[Vighnesh]]>
              </value>
            </param>
            <param index="3">
              <value>
                <![CDATA[Pradhan]]>
              </value>
            </param>
            <param index="4">
              <value>
                <![CDATA[Test4@mail.com]]>
              </value>
            </param>
            <param index="5">
              <value>
                <![CDATA[Test4@4]]>
              </value>
            </param>
            <param index="6">
              <value>
                <![CDATA[1234567893]]>
              </value>
            </param>
            <param index="7">
              <value>
                <![CDATA[0]]>
              </value>
            </param>
          </params>
          <reporter-output>
          </reporter-output>
        </test-method> <!-- Create_User -->
        <test-method signature="Create_User(java.lang.String,java.lang.String,java.lang.String,java.lang.String,java.lang.String,java.lang.String,java.lang.String,java.lang.String)[pri:1, instance:api.test.Data_Driven_User_Test@29626d54]" started-at="2024-03-17T13:20:58 IST" name="Create_User" data-provider="User_info" finished-at="2024-03-17T13:20:59 IST" duration-ms="1561" status="PASS">
          <params>
            <param index="0">
              <value>
                <![CDATA[1238]]>
              </value>
            </param>
            <param index="1">
              <value>
                <![CDATA[Test5]]>
              </value>
            </param>
            <param index="2">
              <value>
                <![CDATA[Shreyas]]>
              </value>
            </param>
            <param index="3">
              <value>
                <![CDATA[Salve]]>
              </value>
            </param>
            <param index="4">
              <value>
                <![CDATA[Test5@mail.com]]>
              </value>
            </param>
            <param index="5">
              <value>
                <![CDATA[Test5@5]]>
              </value>
            </param>
            <param index="6">
              <value>
                <![CDATA[1234567894]]>
              </value>
            </param>
            <param index="7">
              <value>
                <![CDATA[0]]>
              </value>
            </param>
          </params>
          <reporter-output>
          </reporter-output>
        </test-method> <!-- Create_User -->
        <test-method signature="Get_User(java.lang.String)[pri:2, instance:api.test.Data_Driven_User_Test@29626d54]" started-at="2024-03-17T13:20:59 IST" name="Get_User" data-provider="user_name" finished-at="2024-03-17T13:21:01 IST" duration-ms="1552" status="PASS">
          <params>
            <param index="0">
              <value>
                <![CDATA[Test1]]>
              </value>
            </param>
          </params>
          <reporter-output>
          </reporter-output>
        </test-method> <!-- Get_User -->
        <test-method signature="Get_User(java.lang.String)[pri:2, instance:api.test.Data_Driven_User_Test@29626d54]" started-at="2024-03-17T13:21:01 IST" name="Get_User" data-provider="user_name" finished-at="2024-03-17T13:21:02 IST" duration-ms="1479" status="PASS">
          <params>
            <param index="0">
              <value>
                <![CDATA[Test2]]>
              </value>
            </param>
          </params>
          <reporter-output>
          </reporter-output>
        </test-method> <!-- Get_User -->
        <test-method signature="Get_User(java.lang.String)[pri:2, instance:api.test.Data_Driven_User_Test@29626d54]" started-at="2024-03-17T13:21:02 IST" name="Get_User" data-provider="user_name" finished-at="2024-03-17T13:21:04 IST" duration-ms="1598" status="PASS">
          <params>
            <param index="0">
              <value>
                <![CDATA[Test3]]>
              </value>
            </param>
          </params>
          <reporter-output>
          </reporter-output>
        </test-method> <!-- Get_User -->
        <test-method signature="Get_User(java.lang.String)[pri:2, instance:api.test.Data_Driven_User_Test@29626d54]" started-at="2024-03-17T13:21:04 IST" name="Get_User" data-provider="user_name" finished-at="2024-03-17T13:21:06 IST" duration-ms="1626" status="PASS">
          <params>
            <param index="0">
              <value>
                <![CDATA[Test4]]>
              </value>
            </param>
          </params>
          <reporter-output>
          </reporter-output>
        </test-method> <!-- Get_User -->
        <test-method signature="Get_User(java.lang.String)[pri:2, instance:api.test.Data_Driven_User_Test@29626d54]" started-at="2024-03-17T13:21:06 IST" name="Get_User" data-provider="user_name" finished-at="2024-03-17T13:21:07 IST" duration-ms="1755" status="PASS">
          <params>
            <param index="0">
              <value>
                <![CDATA[Test5]]>
              </value>
            </param>
          </params>
          <reporter-output>
          </reporter-output>
        </test-method> <!-- Get_User -->
        <test-method signature="delete_User(java.lang.String)[pri:3, instance:api.test.Data_Driven_User_Test@29626d54]" started-at="2024-03-17T13:21:07 IST" name="delete_User" data-provider="user_name" finished-at="2024-03-17T13:21:09 IST" duration-ms="1708" status="PASS">
          <params>
            <param index="0">
              <value>
                <![CDATA[Test1]]>
              </value>
            </param>
          </params>
          <reporter-output>
          </reporter-output>
        </test-method> <!-- delete_User -->
        <test-method signature="delete_User(java.lang.String)[pri:3, instance:api.test.Data_Driven_User_Test@29626d54]" started-at="2024-03-17T13:21:09 IST" name="delete_User" data-provider="user_name" finished-at="2024-03-17T13:21:11 IST" duration-ms="1892" status="PASS">
          <params>
            <param index="0">
              <value>
                <![CDATA[Test2]]>
              </value>
            </param>
          </params>
          <reporter-output>
          </reporter-output>
        </test-method> <!-- delete_User -->
        <test-method signature="delete_User(java.lang.String)[pri:3, instance:api.test.Data_Driven_User_Test@29626d54]" started-at="2024-03-17T13:21:11 IST" name="delete_User" data-provider="user_name" finished-at="2024-03-17T13:21:13 IST" duration-ms="1715" status="PASS">
          <params>
            <param index="0">
              <value>
                <![CDATA[Test3]]>
              </value>
            </param>
          </params>
          <reporter-output>
          </reporter-output>
        </test-method> <!-- delete_User -->
        <test-method signature="delete_User(java.lang.String)[pri:3, instance:api.test.Data_Driven_User_Test@29626d54]" started-at="2024-03-17T13:21:13 IST" name="delete_User" data-provider="user_name" finished-at="2024-03-17T13:21:14 IST" duration-ms="1679" status="PASS">
          <params>
            <param index="0">
              <value>
                <![CDATA[Test4]]>
              </value>
            </param>
          </params>
          <reporter-output>
          </reporter-output>
        </test-method> <!-- delete_User -->
        <test-method signature="delete_User(java.lang.String)[pri:3, instance:api.test.Data_Driven_User_Test@29626d54]" started-at="2024-03-17T13:21:14 IST" name="delete_User" data-provider="user_name" finished-at="2024-03-17T13:21:16 IST" duration-ms="1628" status="PASS">
          <params>
            <param index="0">
              <value>
                <![CDATA[Test5]]>
              </value>
            </param>
          </params>
          <reporter-output>
          </reporter-output>
        </test-method> <!-- delete_User -->
      </class> <!-- api.test.Data_Driven_User_Test -->
      <class name="api.test.User_Test_Case">
        <test-method is-config="true" signature="Setup_data()[pri:0, instance:api.test.User_Test_Case@63021689]" started-at="2024-03-17T13:20:34 IST" name="Setup_data" finished-at="2024-03-17T13:20:36 IST" duration-ms="1530" status="PASS">
          <reporter-output>
          </reporter-output>
        </test-method> <!-- Setup_data -->
        <test-method signature="create_user()[pri:1, instance:api.test.User_Test_Case@63021689]" started-at="2024-03-17T13:20:36 IST" name="create_user" finished-at="2024-03-17T13:20:41 IST" duration-ms="5353" status="PASS">
          <reporter-output>
          </reporter-output>
        </test-method> <!-- create_user -->
        <test-method signature="get_user()[pri:2, instance:api.test.User_Test_Case@63021689]" started-at="2024-03-17T13:20:41 IST" name="get_user" finished-at="2024-03-17T13:20:43 IST" duration-ms="1640" status="PASS">
          <reporter-output>
          </reporter-output>
        </test-method> <!-- get_user -->
        <test-method signature="update_user()[pri:3, instance:api.test.User_Test_Case@63021689]" started-at="2024-03-17T13:20:43 IST" name="update_user" finished-at="2024-03-17T13:20:46 IST" duration-ms="3184" status="PASS">
          <reporter-output>
          </reporter-output>
        </test-method> <!-- update_user -->
        <test-method signature="delete_user()[pri:4, instance:api.test.User_Test_Case@63021689]" started-at="2024-03-17T13:20:46 IST" name="delete_user" finished-at="2024-03-17T13:20:48 IST" duration-ms="1557" status="PASS">
          <reporter-output>
          </reporter-output>
        </test-method> <!-- delete_user -->
      </class> <!-- api.test.User_Test_Case -->
      <class name="api.test.User_properties_file">
        <test-method is-config="true" signature="Setup_data()[pri:0, instance:api.test.User_properties_file@5a63f509]" started-at="2024-03-17T13:21:16 IST" name="Setup_data" finished-at="2024-03-17T13:21:16 IST" duration-ms="119" status="PASS">
          <reporter-output>
          </reporter-output>
        </test-method> <!-- Setup_data -->
        <test-method signature="create_user()[pri:1, instance:api.test.User_properties_file@5a63f509]" started-at="2024-03-17T13:21:16 IST" name="create_user" finished-at="2024-03-17T13:21:18 IST" duration-ms="1586" status="PASS">
          <reporter-output>
          </reporter-output>
        </test-method> <!-- create_user -->
        <test-method signature="get_user()[pri:2, instance:api.test.User_properties_file@5a63f509]" started-at="2024-03-17T13:21:18 IST" name="get_user" finished-at="2024-03-17T13:21:19 IST" duration-ms="1585" status="PASS">
          <reporter-output>
          </reporter-output>
        </test-method> <!-- get_user -->
        <test-method signature="update_user()[pri:3, instance:api.test.User_properties_file@5a63f509]" started-at="2024-03-17T13:21:19 IST" name="update_user" finished-at="2024-03-17T13:21:23 IST" duration-ms="3163" status="PASS">
          <reporter-output>
          </reporter-output>
        </test-method> <!-- update_user -->
        <test-method signature="delete_user()[pri:4, instance:api.test.User_properties_file@5a63f509]" started-at="2024-03-17T13:21:23 IST" name="delete_user" finished-at="2024-03-17T13:21:24 IST" duration-ms="1580" status="PASS">
          <reporter-output>
          </reporter-output>
        </test-method> <!-- delete_user -->
      </class> <!-- api.test.User_properties_file -->
    </test> <!-- Test -->
  </suite> <!-- Suite -->
</testng-results>
