<?xml version="1.0" encoding="UTF-8"?>
<testng-results ignored="0" total="26" passed="25" failed="1" skipped="0">
  <reporter-output>
  </reporter-output>
  <suite started-at="2024-03-19T15:27:54 IST" name="Suite" finished-at="2024-03-19T15:28:50 IST" duration-ms="55339">
    <groups>
    </groups>
    <test started-at="2024-03-19T15:27:54 IST" name="Test" finished-at="2024-03-19T15:28:50 IST" duration-ms="55339">
      <class name="api.test.Store_Test_Case">
        <test-method is-config="true" signature="SetUp()[pri:0, instance:api.test.Store_Test_Case@e056f20]" started-at="2024-03-19T15:28:45 IST" name="SetUp" finished-at="2024-03-19T15:28:45 IST" duration-ms="4" status="PASS">
          <reporter-output>
          </reporter-output>
        </test-method> <!-- SetUp -->
        <test-method signature="create_user()[pri:1, instance:api.test.Store_Test_Case@e056f20]" started-at="2024-03-19T15:28:45 IST" name="create_user" finished-at="2024-03-19T15:28:47 IST" duration-ms="1460" status="PASS">
          <reporter-output>
          </reporter-output>
        </test-method> <!-- create_user -->
        <test-method signature="get_user()[pri:2, instance:api.test.Store_Test_Case@e056f20]" started-at="2024-03-19T15:28:47 IST" name="get_user" finished-at="2024-03-19T15:28:48 IST" duration-ms="1613" status="FAIL">
          <exception class="java.lang.AssertionError">
            <message>
              <![CDATA[1 expectation failed.
Expected status code <200> but was <405>.
]]>
            </message>
            <full-stacktrace>
              <![CDATA[java.lang.AssertionError: 1 expectation failed.
Expected status code <200> but was <405>.

at java.base/jdk.internal.reflect.NativeConstructorAccessorImpl.newInstance0(Native Method)
at java.base/jdk.internal.reflect.NativeConstructorAccessorImpl.newInstance(NativeConstructorAccessorImpl.java:77)
at java.base/jdk.internal.reflect.DelegatingConstructorAccessorImpl.newInstance(DelegatingConstructorAccessorImpl.java:45)
at java.base/java.lang.reflect.Constructor.newInstanceWithCaller(Constructor.java:499)
at java.base/java.lang.reflect.Constructor.newInstance(Constructor.java:480)
at org.codehaus.groovy.reflection.CachedConstructor.invoke(CachedConstructor.java:73)
at org.codehaus.groovy.runtime.callsite.ConstructorSite$ConstructorSiteNoUnwrapNoCoerce.callConstructor(ConstructorSite.java:108)
at org.codehaus.groovy.runtime.callsite.CallSiteArray.defaultCallConstructor(CallSiteArray.java:57)
at org.codehaus.groovy.runtime.callsite.AbstractCallSite.callConstructor(AbstractCallSite.java:263)
at org.codehaus.groovy.runtime.callsite.AbstractCallSite.callConstructor(AbstractCallSite.java:277)
at io.restassured.internal.ResponseSpecificationImpl$HamcrestAssertionClosure.validate(ResponseSpecificationImpl.groovy:512)
at io.restassured.internal.ResponseSpecificationImpl$HamcrestAssertionClosure$validate$1.call(Unknown Source)
at io.restassured.internal.ResponseSpecificationImpl.validateResponseIfRequired(ResponseSpecificationImpl.groovy:696)
at io.restassured.internal.ResponseSpecificationImpl.this$2$validateResponseIfRequired(ResponseSpecificationImpl.groovy)
at java.base/jdk.internal.reflect.NativeMethodAccessorImpl.invoke0(Native Method)
at java.base/jdk.internal.reflect.NativeMethodAccessorImpl.invoke(NativeMethodAccessorImpl.java:77)
at java.base/jdk.internal.reflect.DelegatingMethodAccessorImpl.invoke(DelegatingMethodAccessorImpl.java:43)
at java.base/java.lang.reflect.Method.invoke(Method.java:568)
at org.codehaus.groovy.runtime.callsite.PlainObjectMetaMethodSite.doInvoke(PlainObjectMetaMethodSite.java:43)
at org.codehaus.groovy.runtime.callsite.PogoMetaMethodSite$PogoCachedMethodSiteNoUnwrapNoCoerce.invoke(PogoMetaMethodSite.java:198)
at org.codehaus.groovy.runtime.callsite.PogoMetaMethodSite.callCurrent(PogoMetaMethodSite.java:62)
at org.codehaus.groovy.runtime.callsite.AbstractCallSite.callCurrent(AbstractCallSite.java:185)
at io.restassured.internal.ResponseSpecificationImpl.statusCode(ResponseSpecificationImpl.groovy:135)
at io.restassured.specification.ResponseSpecification$statusCode$0.callCurrent(Unknown Source)
at io.restassured.internal.ResponseSpecificationImpl.statusCode(ResponseSpecificationImpl.groovy:143)
at io.restassured.internal.ValidatableResponseOptionsImpl.statusCode(ValidatableResponseOptionsImpl.java:89)
at api.test.Store_Test_Case.get_user(Store_Test_Case.java:41)
at java.base/jdk.internal.reflect.NativeMethodAccessorImpl.invoke0(Native Method)
at java.base/jdk.internal.reflect.NativeMethodAccessorImpl.invoke(NativeMethodAccessorImpl.java:77)
at java.base/jdk.internal.reflect.DelegatingMethodAccessorImpl.invoke(DelegatingMethodAccessorImpl.java:43)
at java.base/java.lang.reflect.Method.invoke(Method.java:568)
at org.testng.internal.invokers.MethodInvocationHelper.invokeMethod(MethodInvocationHelper.java:139)
at org.testng.internal.invokers.TestInvoker.invokeMethod(TestInvoker.java:664)
at org.testng.internal.invokers.TestInvoker.invokeTestMethod(TestInvoker.java:228)
at org.testng.internal.invokers.MethodRunner.runInSequence(MethodRunner.java:63)
at org.testng.internal.invokers.TestInvoker$MethodInvocationAgent.invoke(TestInvoker.java:961)
at org.testng.internal.invokers.TestInvoker.invokeTestMethods(TestInvoker.java:201)
at org.testng.internal.invokers.TestMethodWorker.invokeTestMethods(TestMethodWorker.java:148)
at org.testng.internal.invokers.TestMethodWorker.run(TestMethodWorker.java:128)
at java.base/java.util.ArrayList.forEach(ArrayList.java:1511)
at org.testng.TestRunner.privateRun(TestRunner.java:819)
at org.testng.TestRunner.run(TestRunner.java:619)
at org.testng.SuiteRunner.runTest(SuiteRunner.java:443)
at org.testng.SuiteRunner.runSequentially(SuiteRunner.java:437)
at org.testng.SuiteRunner.privateRun(SuiteRunner.java:397)
at org.testng.SuiteRunner.run(SuiteRunner.java:336)
at org.testng.SuiteRunnerWorker.runSuite(SuiteRunnerWorker.java:52)
at org.testng.SuiteRunnerWorker.run(SuiteRunnerWorker.java:95)
at org.testng.TestNG.runSuitesSequentially(TestNG.java:1301)
at org.testng.TestNG.runSuitesLocally(TestNG.java:1228)
at org.testng.TestNG.runSuites(TestNG.java:1134)
at org.testng.TestNG.run(TestNG.java:1101)
at org.apache.maven.surefire.testng.TestNGExecutor.run(TestNGExecutor.java:283)
at org.apache.maven.surefire.testng.TestNGXmlTestSuite.execute(TestNGXmlTestSuite.java:75)
at org.apache.maven.surefire.testng.TestNGProvider.invoke(TestNGProvider.java:120)
at org.apache.maven.surefire.booter.ForkedBooter.invokeProviderInSameClassLoader(ForkedBooter.java:384)
at org.apache.maven.surefire.booter.ForkedBooter.runSuitesInProcess(ForkedBooter.java:345)
at org.apache.maven.surefire.booter.ForkedBooter.execute(ForkedBooter.java:126)
at org.apache.maven.surefire.booter.ForkedBooter.main(ForkedBooter.java:418)
]]>
            </full-stacktrace>
          </exception> <!-- java.lang.AssertionError -->
          <reporter-output>
          </reporter-output>
        </test-method> <!-- get_user -->
        <test-method signature="delete_user()[pri:3, instance:api.test.Store_Test_Case@e056f20]" started-at="2024-03-19T15:28:48 IST" name="delete_user" finished-at="2024-03-19T15:28:50 IST" duration-ms="1426" status="PASS">
          <reporter-output>
          </reporter-output>
        </test-method> <!-- delete_user -->
      </class> <!-- api.test.Store_Test_Case -->
      <class name="api.test.Data_Driven_User_Test">
        <test-method signature="Create_User(java.lang.String,java.lang.String,java.lang.String,java.lang.String,java.lang.String,java.lang.String,java.lang.String,java.lang.String)[pri:1, instance:api.test.Data_Driven_User_Test@6e4784bc]" started-at="2024-03-19T15:28:12 IST" name="Create_User" data-provider="User_info" finished-at="2024-03-19T15:28:13 IST" duration-ms="1512" status="PASS">
          <params>
            <param index="0">
              <value>
                <![CDATA[1234]]>
              </value>
            </param>
            <param index="1">
              <value>
                <![CDATA[Test1]]>
              </value>
            </param>
            <param index="2">
              <value>
                <![CDATA[Shashikant]]>
              </value>
            </param>
            <param index="3">
              <value>
                <![CDATA[Kokitakar]]>
              </value>
            </param>
            <param index="4">
              <value>
                <![CDATA[Test1@mail.com]]>
              </value>
            </param>
            <param index="5">
              <value>
                <![CDATA[Test1@1]]>
              </value>
            </param>
            <param index="6">
              <value>
                <![CDATA[1234567890]]>
              </value>
            </param>
            <param index="7">
              <value>
                <![CDATA[0]]>
              </value>
            </param>
          </params>
          <reporter-output>
          </reporter-output>
        </test-method> <!-- Create_User -->
        <test-method signature="Create_User(java.lang.String,java.lang.String,java.lang.String,java.lang.String,java.lang.String,java.lang.String,java.lang.String,java.lang.String)[pri:1, instance:api.test.Data_Driven_User_Test@6e4784bc]" started-at="2024-03-19T15:28:13 IST" name="Create_User" data-provider="User_info" finished-at="2024-03-19T15:28:15 IST" duration-ms="1731" status="PASS">
          <params>
            <param index="0">
              <value>
                <![CDATA[1235]]>
              </value>
            </param>
            <param index="1">
              <value>
                <![CDATA[Test2]]>
              </value>
            </param>
            <param index="2">
              <value>
                <![CDATA[Shekhar]]>
              </value>
            </param>
            <param index="3">
              <value>
                <![CDATA[Kokitakar]]>
              </value>
            </param>
            <param index="4">
              <value>
                <![CDATA[Test2@mail.com]]>
              </value>
            </param>
            <param index="5">
              <value>
                <![CDATA[Test2@2]]>
              </value>
            </param>
            <param index="6">
              <value>
                <![CDATA[1234567891]]>
              </value>
            </param>
            <param index="7">
              <value>
                <![CDATA[0]]>
              </value>
            </param>
          </params>
          <reporter-output>
          </reporter-output>
        </test-method> <!-- Create_User -->
        <test-method signature="Create_User(java.lang.String,java.lang.String,java.lang.String,java.lang.String,java.lang.String,java.lang.String,java.lang.String,java.lang.String)[pri:1, instance:api.test.Data_Driven_User_Test@6e4784bc]" started-at="2024-03-19T15:28:15 IST" name="Create_User" data-provider="User_info" finished-at="2024-03-19T15:28:17 IST" duration-ms="1904" status="PASS">
          <params>
            <param index="0">
              <value>
                <![CDATA[1236]]>
              </value>
            </param>
            <param index="1">
              <value>
                <![CDATA[Test3]]>
              </value>
            </param>
            <param index="2">
              <value>
                <![CDATA[Shreya]]>
              </value>
            </param>
            <param index="3">
              <value>
                <![CDATA[Salve]]>
              </value>
            </param>
            <param index="4">
              <value>
                <![CDATA[Test3@mail.com]]>
              </value>
            </param>
            <param index="5">
              <value>
                <![CDATA[Test3@3]]>
              </value>
            </param>
            <param index="6">
              <value>
                <![CDATA[1234567892]]>
              </value>
            </param>
            <param index="7">
              <value>
                <![CDATA[0]]>
              </value>
            </param>
          </params>
          <reporter-output>
          </reporter-output>
        </test-method> <!-- Create_User -->
        <test-method signature="Create_User(java.lang.String,java.lang.String,java.lang.String,java.lang.String,java.lang.String,java.lang.String,java.lang.String,java.lang.String)[pri:1, instance:api.test.Data_Driven_User_Test@6e4784bc]" started-at="2024-03-19T15:28:17 IST" name="Create_User" data-provider="User_info" finished-at="2024-03-19T15:28:19 IST" duration-ms="1891" status="PASS">
          <params>
            <param index="0">
              <value>
                <![CDATA[1237]]>
              </value>
            </param>
            <param index="1">
              <value>
                <![CDATA[Test4]]>
              </value>
            </param>
            <param index="2">
              <value>
                <![CDATA[Vighnesh]]>
              </value>
            </param>
            <param index="3">
              <value>
                <![CDATA[Pradhan]]>
              </value>
            </param>
            <param index="4">
              <value>
                <![CDATA[Test4@mail.com]]>
              </value>
            </param>
            <param index="5">
              <value>
                <![CDATA[Test4@4]]>
              </value>
            </param>
            <param index="6">
              <value>
                <![CDATA[1234567893]]>
              </value>
            </param>
            <param index="7">
              <value>
                <![CDATA[0]]>
              </value>
            </param>
          </params>
          <reporter-output>
          </reporter-output>
        </test-method> <!-- Create_User -->
        <test-method signature="Create_User(java.lang.String,java.lang.String,java.lang.String,java.lang.String,java.lang.String,java.lang.String,java.lang.String,java.lang.String)[pri:1, instance:api.test.Data_Driven_User_Test@6e4784bc]" started-at="2024-03-19T15:28:19 IST" name="Create_User" data-provider="User_info" finished-at="2024-03-19T15:28:20 IST" duration-ms="1930" status="PASS">
          <params>
            <param index="0">
              <value>
                <![CDATA[1238]]>
              </value>
            </param>
            <param index="1">
              <value>
                <![CDATA[Test5]]>
              </value>
            </param>
            <param index="2">
              <value>
                <![CDATA[Shreyas]]>
              </value>
            </param>
            <param index="3">
              <value>
                <![CDATA[Salve]]>
              </value>
            </param>
            <param index="4">
              <value>
                <![CDATA[Test5@mail.com]]>
              </value>
            </param>
            <param index="5">
              <value>
                <![CDATA[Test5@5]]>
              </value>
            </param>
            <param index="6">
              <value>
                <![CDATA[1234567894]]>
              </value>
            </param>
            <param index="7">
              <value>
                <![CDATA[0]]>
              </value>
            </param>
          </params>
          <reporter-output>
          </reporter-output>
        </test-method> <!-- Create_User -->
        <test-method signature="Get_User(java.lang.String)[pri:2, instance:api.test.Data_Driven_User_Test@6e4784bc]" started-at="2024-03-19T15:28:21 IST" name="Get_User" data-provider="user_name" finished-at="2024-03-19T15:28:22 IST" duration-ms="1449" status="PASS">
          <params>
            <param index="0">
              <value>
                <![CDATA[Test1]]>
              </value>
            </param>
          </params>
          <reporter-output>
          </reporter-output>
        </test-method> <!-- Get_User -->
        <test-method signature="Get_User(java.lang.String)[pri:2, instance:api.test.Data_Driven_User_Test@6e4784bc]" started-at="2024-03-19T15:28:22 IST" name="Get_User" data-provider="user_name" finished-at="2024-03-19T15:28:24 IST" duration-ms="1440" status="PASS">
          <params>
            <param index="0">
              <value>
                <![CDATA[Test2]]>
              </value>
            </param>
          </params>
          <reporter-output>
          </reporter-output>
        </test-method> <!-- Get_User -->
        <test-method signature="Get_User(java.lang.String)[pri:2, instance:api.test.Data_Driven_User_Test@6e4784bc]" started-at="2024-03-19T15:28:24 IST" name="Get_User" data-provider="user_name" finished-at="2024-03-19T15:28:26 IST" duration-ms="2455" status="PASS">
          <params>
            <param index="0">
              <value>
                <![CDATA[Test3]]>
              </value>
            </param>
          </params>
          <reporter-output>
          </reporter-output>
        </test-method> <!-- Get_User -->
        <test-method signature="Get_User(java.lang.String)[pri:2, instance:api.test.Data_Driven_User_Test@6e4784bc]" started-at="2024-03-19T15:28:26 IST" name="Get_User" data-provider="user_name" finished-at="2024-03-19T15:28:27 IST" duration-ms="1471" status="PASS">
          <params>
            <param index="0">
              <value>
                <![CDATA[Test4]]>
              </value>
            </param>
          </params>
          <reporter-output>
          </reporter-output>
        </test-method> <!-- Get_User -->
        <test-method signature="Get_User(java.lang.String)[pri:2, instance:api.test.Data_Driven_User_Test@6e4784bc]" started-at="2024-03-19T15:28:27 IST" name="Get_User" data-provider="user_name" finished-at="2024-03-19T15:28:29 IST" duration-ms="1442" status="PASS">
          <params>
            <param index="0">
              <value>
                <![CDATA[Test5]]>
              </value>
            </param>
          </params>
          <reporter-output>
          </reporter-output>
        </test-method> <!-- Get_User -->
        <test-method signature="delete_User(java.lang.String)[pri:3, instance:api.test.Data_Driven_User_Test@6e4784bc]" started-at="2024-03-19T15:28:29 IST" name="delete_User" data-provider="user_name" finished-at="2024-03-19T15:28:31 IST" duration-ms="1583" status="PASS">
          <params>
            <param index="0">
              <value>
                <![CDATA[Test1]]>
              </value>
            </param>
          </params>
          <reporter-output>
          </reporter-output>
        </test-method> <!-- delete_User -->
        <test-method signature="delete_User(java.lang.String)[pri:3, instance:api.test.Data_Driven_User_Test@6e4784bc]" started-at="2024-03-19T15:28:31 IST" name="delete_User" data-provider="user_name" finished-at="2024-03-19T15:28:32 IST" duration-ms="1478" status="PASS">
          <params>
            <param index="0">
              <value>
                <![CDATA[Test2]]>
              </value>
            </param>
          </params>
          <reporter-output>
          </reporter-output>
        </test-method> <!-- delete_User -->
        <test-method signature="delete_User(java.lang.String)[pri:3, instance:api.test.Data_Driven_User_Test@6e4784bc]" started-at="2024-03-19T15:28:32 IST" name="delete_User" data-provider="user_name" finished-at="2024-03-19T15:28:34 IST" duration-ms="1467" status="PASS">
          <params>
            <param index="0">
              <value>
                <![CDATA[Test3]]>
              </value>
            </param>
          </params>
          <reporter-output>
          </reporter-output>
        </test-method> <!-- delete_User -->
        <test-method signature="delete_User(java.lang.String)[pri:3, instance:api.test.Data_Driven_User_Test@6e4784bc]" started-at="2024-03-19T15:28:34 IST" name="delete_User" data-provider="user_name" finished-at="2024-03-19T15:28:36 IST" duration-ms="1923" status="PASS">
          <params>
            <param index="0">
              <value>
                <![CDATA[Test4]]>
              </value>
            </param>
          </params>
          <reporter-output>
          </reporter-output>
        </test-method> <!-- delete_User -->
        <test-method signature="delete_User(java.lang.String)[pri:3, instance:api.test.Data_Driven_User_Test@6e4784bc]" started-at="2024-03-19T15:28:36 IST" name="delete_User" data-provider="user_name" finished-at="2024-03-19T15:28:37 IST" duration-ms="1474" status="PASS">
          <params>
            <param index="0">
              <value>
                <![CDATA[Test5]]>
              </value>
            </param>
          </params>
          <reporter-output>
          </reporter-output>
        </test-method> <!-- delete_User -->
      </class> <!-- api.test.Data_Driven_User_Test -->
      <class name="api.test.User_Test_Case">
        <test-method is-config="true" signature="Setup_data()[pri:0, instance:api.test.User_Test_Case@3e92efc3]" started-at="2024-03-19T15:27:55 IST" name="Setup_data" finished-at="2024-03-19T15:27:56 IST" duration-ms="1480" status="PASS">
          <reporter-output>
          </reporter-output>
        </test-method> <!-- Setup_data -->
        <test-method signature="create_user()[pri:1, instance:api.test.User_Test_Case@3e92efc3]" started-at="2024-03-19T15:27:56 IST" name="create_user" finished-at="2024-03-19T15:28:02 IST" duration-ms="5168" status="PASS">
          <reporter-output>
          </reporter-output>
        </test-method> <!-- create_user -->
        <test-method signature="get_user()[pri:2, instance:api.test.User_Test_Case@3e92efc3]" started-at="2024-03-19T15:28:02 IST" name="get_user" finished-at="2024-03-19T15:28:03 IST" duration-ms="1591" status="PASS">
          <reporter-output>
          </reporter-output>
        </test-method> <!-- get_user -->
        <test-method signature="update_user()[pri:3, instance:api.test.User_Test_Case@3e92efc3]" started-at="2024-03-19T15:28:03 IST" name="update_user" finished-at="2024-03-19T15:28:06 IST" duration-ms="3188" status="PASS">
          <reporter-output>
          </reporter-output>
        </test-method> <!-- update_user -->
        <test-method signature="delete_user()[pri:4, instance:api.test.User_Test_Case@3e92efc3]" started-at="2024-03-19T15:28:06 IST" name="delete_user" finished-at="2024-03-19T15:28:08 IST" duration-ms="1613" status="PASS">
          <reporter-output>
          </reporter-output>
        </test-method> <!-- delete_user -->
      </class> <!-- api.test.User_Test_Case -->
      <class name="api.test.User_properties_file">
        <test-method is-config="true" signature="Setup_data()[pri:0, instance:api.test.User_properties_file@34b7ac2f]" started-at="2024-03-19T15:28:37 IST" name="Setup_data" finished-at="2024-03-19T15:28:37 IST" duration-ms="90" status="PASS">
          <reporter-output>
          </reporter-output>
        </test-method> <!-- Setup_data -->
        <test-method signature="create_user()[pri:1, instance:api.test.User_properties_file@34b7ac2f]" started-at="2024-03-19T15:28:37 IST" name="create_user" finished-at="2024-03-19T15:28:39 IST" duration-ms="2103" status="PASS">
          <reporter-output>
          </reporter-output>
        </test-method> <!-- create_user -->
        <test-method signature="get_user()[pri:2, instance:api.test.User_properties_file@34b7ac2f]" started-at="2024-03-19T15:28:39 IST" name="get_user" finished-at="2024-03-19T15:28:41 IST" duration-ms="1397" status="PASS">
          <reporter-output>
          </reporter-output>
        </test-method> <!-- get_user -->
        <test-method signature="update_user()[pri:3, instance:api.test.User_properties_file@34b7ac2f]" started-at="2024-03-19T15:28:41 IST" name="update_user" finished-at="2024-03-19T15:28:44 IST" duration-ms="2952" status="PASS">
          <reporter-output>
          </reporter-output>
        </test-method> <!-- update_user -->
        <test-method signature="delete_user()[pri:4, instance:api.test.User_properties_file@34b7ac2f]" started-at="2024-03-19T15:28:44 IST" name="delete_user" finished-at="2024-03-19T15:28:45 IST" duration-ms="1444" status="PASS">
          <reporter-output>
          </reporter-output>
        </test-method> <!-- delete_user -->
      </class> <!-- api.test.User_properties_file -->
    </test> <!-- Test -->
  </suite> <!-- Suite -->
</testng-results>
