-------------------------------------------------------------------------------
Test set: TestSuite
-------------------------------------------------------------------------------
Tests run: 26, Failures: 1, Errors: 0, Skipped: 0, Time elapsed: 57.408 s <<< FAILURE! - in TestSuite
get_user(api.test.Store_Test_Case)  Time elapsed: 1.614 s  <<< FAILURE!
java.lang.AssertionError: 
1 expectation failed.
Expected status code <200> but was <405>.

	at api.test.Store_Test_Case.get_user(Store_Test_Case.java:41)

