<?xml version="1.0" encoding="UTF-8"?>
<testng-results ignored="0" total="26" passed="25" failed="1" skipped="0">
  <reporter-output>
  </reporter-output>
  <suite started-at="2024-03-19T13:02:55 IST" name="Suite" finished-at="2024-03-19T13:04:39 IST" duration-ms="103345">
    <groups>
    </groups>
    <test started-at="2024-03-19T13:02:55 IST" name="Test" finished-at="2024-03-19T13:04:39 IST" duration-ms="103345">
      <class name="api.test.Store_Test_Case">
        <test-method is-config="true" signature="SetUp()[pri:0, instance:api.test.Store_Test_Case@34123d65]" started-at="2024-03-19T13:04:34 IST" name="SetUp" finished-at="2024-03-19T13:04:34 IST" duration-ms="4" status="PASS">
          <reporter-output>
          </reporter-output>
        </test-method> <!-- SetUp -->
        <test-method signature="create_user()[pri:1, instance:api.test.Store_Test_Case@34123d65]" started-at="2024-03-19T13:04:34 IST" name="create_user" finished-at="2024-03-19T13:04:36 IST" duration-ms="1561" status="PASS">
          <reporter-output>
          </reporter-output>
        </test-method> <!-- create_user -->
        <test-method signature="get_user()[pri:2, instance:api.test.Store_Test_Case@34123d65]" started-at="2024-03-19T13:04:36 IST" name="get_user" finished-at="2024-03-19T13:04:37 IST" duration-ms="1488" status="FAIL">
          <exception class="java.lang.AssertionError">
            <message>
              <![CDATA[1 expectation failed.
Expected status code <200> but was <405>.
]]>
            </message>
            <full-stacktrace>
              <![CDATA[java.lang.AssertionError: 1 expectation failed.
Expected status code <200> but was <405>.

at java.base/jdk.internal.reflect.NativeConstructorAccessorImpl.newInstance0(Native Method)
at java.base/jdk.internal.reflect.NativeConstructorAccessorImpl.newInstance(NativeConstructorAccessorImpl.java:77)
at java.base/jdk.internal.reflect.DelegatingConstructorAccessorImpl.newInstance(DelegatingConstructorAccessorImpl.java:45)
at java.base/java.lang.reflect.Constructor.newInstanceWithCaller(Constructor.java:499)
at java.base/java.lang.reflect.Constructor.newInstance(Constructor.java:480)
at org.codehaus.groovy.reflection.CachedConstructor.invoke(CachedConstructor.java:73)
at org.codehaus.groovy.runtime.callsite.ConstructorSite$ConstructorSiteNoUnwrapNoCoerce.callConstructor(ConstructorSite.java:108)
at org.codehaus.groovy.runtime.callsite.CallSiteArray.defaultCallConstructor(CallSiteArray.java:57)
at org.codehaus.groovy.runtime.callsite.AbstractCallSite.callConstructor(AbstractCallSite.java:263)
at org.codehaus.groovy.runtime.callsite.AbstractCallSite.callConstructor(AbstractCallSite.java:277)
at io.restassured.internal.ResponseSpecificationImpl$HamcrestAssertionClosure.validate(ResponseSpecificationImpl.groovy:512)
at io.restassured.internal.ResponseSpecificationImpl$HamcrestAssertionClosure$validate$1.call(Unknown Source)
at io.restassured.internal.ResponseSpecificationImpl.validateResponseIfRequired(ResponseSpecificationImpl.groovy:696)
at io.restassured.internal.ResponseSpecificationImpl.this$2$validateResponseIfRequired(ResponseSpecificationImpl.groovy)
at java.base/jdk.internal.reflect.NativeMethodAccessorImpl.invoke0(Native Method)
at java.base/jdk.internal.reflect.NativeMethodAccessorImpl.invoke(NativeMethodAccessorImpl.java:77)
at java.base/jdk.internal.reflect.DelegatingMethodAccessorImpl.invoke(DelegatingMethodAccessorImpl.java:43)
at java.base/java.lang.reflect.Method.invoke(Method.java:568)
at org.codehaus.groovy.runtime.callsite.PlainObjectMetaMethodSite.doInvoke(PlainObjectMetaMethodSite.java:43)
at org.codehaus.groovy.runtime.callsite.PogoMetaMethodSite$PogoCachedMethodSiteNoUnwrapNoCoerce.invoke(PogoMetaMethodSite.java:198)
at org.codehaus.groovy.runtime.callsite.PogoMetaMethodSite.callCurrent(PogoMetaMethodSite.java:62)
at org.codehaus.groovy.runtime.callsite.AbstractCallSite.callCurrent(AbstractCallSite.java:185)
at io.restassured.internal.ResponseSpecificationImpl.statusCode(ResponseSpecificationImpl.groovy:135)
at io.restassured.specification.ResponseSpecification$statusCode$0.callCurrent(Unknown Source)
at io.restassured.internal.ResponseSpecificationImpl.statusCode(ResponseSpecificationImpl.groovy:143)
at io.restassured.internal.ValidatableResponseOptionsImpl.statusCode(ValidatableResponseOptionsImpl.java:89)
at api.test.Store_Test_Case.get_user(Store_Test_Case.java:41)
at java.base/jdk.internal.reflect.NativeMethodAccessorImpl.invoke0(Native Method)
at java.base/jdk.internal.reflect.NativeMethodAccessorImpl.invoke(NativeMethodAccessorImpl.java:77)
at java.base/jdk.internal.reflect.DelegatingMethodAccessorImpl.invoke(DelegatingMethodAccessorImpl.java:43)
at java.base/java.lang.reflect.Method.invoke(Method.java:568)
at org.testng.internal.invokers.MethodInvocationHelper.invokeMethod(MethodInvocationHelper.java:139)
at org.testng.internal.invokers.TestInvoker.invokeMethod(TestInvoker.java:664)
at org.testng.internal.invokers.TestInvoker.invokeTestMethod(TestInvoker.java:228)
at org.testng.internal.invokers.MethodRunner.runInSequence(MethodRunner.java:63)
at org.testng.internal.invokers.TestInvoker$MethodInvocationAgent.invoke(TestInvoker.java:961)
at org.testng.internal.invokers.TestInvoker.invokeTestMethods(TestInvoker.java:201)
at org.testng.internal.invokers.TestMethodWorker.invokeTestMethods(TestMethodWorker.java:148)
at org.testng.internal.invokers.TestMethodWorker.run(TestMethodWorker.java:128)
at java.base/java.util.ArrayList.forEach(ArrayList.java:1511)
at org.testng.TestRunner.privateRun(TestRunner.java:819)
at org.testng.TestRunner.run(TestRunner.java:619)
at org.testng.SuiteRunner.runTest(SuiteRunner.java:443)
at org.testng.SuiteRunner.runSequentially(SuiteRunner.java:437)
at org.testng.SuiteRunner.privateRun(SuiteRunner.java:397)
at org.testng.SuiteRunner.run(SuiteRunner.java:336)
at org.testng.SuiteRunnerWorker.runSuite(SuiteRunnerWorker.java:52)
at org.testng.SuiteRunnerWorker.run(SuiteRunnerWorker.java:95)
at org.testng.TestNG.runSuitesSequentially(TestNG.java:1301)
at org.testng.TestNG.runSuitesLocally(TestNG.java:1228)
at org.testng.TestNG.runSuites(TestNG.java:1134)
at org.testng.TestNG.run(TestNG.java:1101)
at org.testng.remote.AbstractRemoteTestNG.run(AbstractRemoteTestNG.java:115)
at org.testng.remote.RemoteTestNG.initAndRun(RemoteTestNG.java:251)
at org.testng.remote.RemoteTestNG.main(RemoteTestNG.java:77)
]]>
            </full-stacktrace>
          </exception> <!-- java.lang.AssertionError -->
          <reporter-output>
          </reporter-output>
        </test-method> <!-- get_user -->
        <test-method signature="delete_user()[pri:3, instance:api.test.Store_Test_Case@34123d65]" started-at="2024-03-19T13:04:37 IST" name="delete_user" finished-at="2024-03-19T13:04:39 IST" duration-ms="1364" status="PASS">
          <reporter-output>
          </reporter-output>
        </test-method> <!-- delete_user -->
      </class> <!-- api.test.Store_Test_Case -->
      <class name="api.test.Data_Driven_User_Test">
        <test-method signature="Create_User(java.lang.String,java.lang.String,java.lang.String,java.lang.String,java.lang.String,java.lang.String,java.lang.String,java.lang.String)[pri:1, instance:api.test.Data_Driven_User_Test@7b98f307]" started-at="2024-03-19T13:03:13 IST" name="Create_User" data-provider="User_info" finished-at="2024-03-19T13:03:15 IST" duration-ms="1746" status="PASS">
          <params>
            <param index="0">
              <value>
                <![CDATA[1234]]>
              </value>
            </param>
            <param index="1">
              <value>
                <![CDATA[Test1]]>
              </value>
            </param>
            <param index="2">
              <value>
                <![CDATA[Shashikant]]>
              </value>
            </param>
            <param index="3">
              <value>
                <![CDATA[Kokitakar]]>
              </value>
            </param>
            <param index="4">
              <value>
                <![CDATA[Test1@mail.com]]>
              </value>
            </param>
            <param index="5">
              <value>
                <![CDATA[Test1@1]]>
              </value>
            </param>
            <param index="6">
              <value>
                <![CDATA[1234567890]]>
              </value>
            </param>
            <param index="7">
              <value>
                <![CDATA[0]]>
              </value>
            </param>
          </params>
          <reporter-output>
          </reporter-output>
        </test-method> <!-- Create_User -->
        <test-method signature="Create_User(java.lang.String,java.lang.String,java.lang.String,java.lang.String,java.lang.String,java.lang.String,java.lang.String,java.lang.String)[pri:1, instance:api.test.Data_Driven_User_Test@7b98f307]" started-at="2024-03-19T13:03:15 IST" name="Create_User" data-provider="User_info" finished-at="2024-03-19T13:03:16 IST" duration-ms="1465" status="PASS">
          <params>
            <param index="0">
              <value>
                <![CDATA[1235]]>
              </value>
            </param>
            <param index="1">
              <value>
                <![CDATA[Test2]]>
              </value>
            </param>
            <param index="2">
              <value>
                <![CDATA[Shekhar]]>
              </value>
            </param>
            <param index="3">
              <value>
                <![CDATA[Kokitakar]]>
              </value>
            </param>
            <param index="4">
              <value>
                <![CDATA[Test2@mail.com]]>
              </value>
            </param>
            <param index="5">
              <value>
                <![CDATA[Test2@2]]>
              </value>
            </param>
            <param index="6">
              <value>
                <![CDATA[1234567891]]>
              </value>
            </param>
            <param index="7">
              <value>
                <![CDATA[0]]>
              </value>
            </param>
          </params>
          <reporter-output>
          </reporter-output>
        </test-method> <!-- Create_User -->
        <test-method signature="Create_User(java.lang.String,java.lang.String,java.lang.String,java.lang.String,java.lang.String,java.lang.String,java.lang.String,java.lang.String)[pri:1, instance:api.test.Data_Driven_User_Test@7b98f307]" started-at="2024-03-19T13:03:16 IST" name="Create_User" data-provider="User_info" finished-at="2024-03-19T13:03:19 IST" duration-ms="2573" status="PASS">
          <params>
            <param index="0">
              <value>
                <![CDATA[1236]]>
              </value>
            </param>
            <param index="1">
              <value>
                <![CDATA[Test3]]>
              </value>
            </param>
            <param index="2">
              <value>
                <![CDATA[Shreya]]>
              </value>
            </param>
            <param index="3">
              <value>
                <![CDATA[Salve]]>
              </value>
            </param>
            <param index="4">
              <value>
                <![CDATA[Test3@mail.com]]>
              </value>
            </param>
            <param index="5">
              <value>
                <![CDATA[Test3@3]]>
              </value>
            </param>
            <param index="6">
              <value>
                <![CDATA[1234567892]]>
              </value>
            </param>
            <param index="7">
              <value>
                <![CDATA[0]]>
              </value>
            </param>
          </params>
          <reporter-output>
          </reporter-output>
        </test-method> <!-- Create_User -->
        <test-method signature="Create_User(java.lang.String,java.lang.String,java.lang.String,java.lang.String,java.lang.String,java.lang.String,java.lang.String,java.lang.String)[pri:1, instance:api.test.Data_Driven_User_Test@7b98f307]" started-at="2024-03-19T13:03:19 IST" name="Create_User" data-provider="User_info" finished-at="2024-03-19T13:03:21 IST" duration-ms="2272" status="PASS">
          <params>
            <param index="0">
              <value>
                <![CDATA[1237]]>
              </value>
            </param>
            <param index="1">
              <value>
                <![CDATA[Test4]]>
              </value>
            </param>
            <param index="2">
              <value>
                <![CDATA[Vighnesh]]>
              </value>
            </param>
            <param index="3">
              <value>
                <![CDATA[Pradhan]]>
              </value>
            </param>
            <param index="4">
              <value>
                <![CDATA[Test4@mail.com]]>
              </value>
            </param>
            <param index="5">
              <value>
                <![CDATA[Test4@4]]>
              </value>
            </param>
            <param index="6">
              <value>
                <![CDATA[1234567893]]>
              </value>
            </param>
            <param index="7">
              <value>
                <![CDATA[0]]>
              </value>
            </param>
          </params>
          <reporter-output>
          </reporter-output>
        </test-method> <!-- Create_User -->
        <test-method signature="Create_User(java.lang.String,java.lang.String,java.lang.String,java.lang.String,java.lang.String,java.lang.String,java.lang.String,java.lang.String)[pri:1, instance:api.test.Data_Driven_User_Test@7b98f307]" started-at="2024-03-19T13:03:21 IST" name="Create_User" data-provider="User_info" finished-at="2024-03-19T13:03:23 IST" duration-ms="1889" status="PASS">
          <params>
            <param index="0">
              <value>
                <![CDATA[1238]]>
              </value>
            </param>
            <param index="1">
              <value>
                <![CDATA[Test5]]>
              </value>
            </param>
            <param index="2">
              <value>
                <![CDATA[Shreyas]]>
              </value>
            </param>
            <param index="3">
              <value>
                <![CDATA[Salve]]>
              </value>
            </param>
            <param index="4">
              <value>
                <![CDATA[Test5@mail.com]]>
              </value>
            </param>
            <param index="5">
              <value>
                <![CDATA[Test5@5]]>
              </value>
            </param>
            <param index="6">
              <value>
                <![CDATA[1234567894]]>
              </value>
            </param>
            <param index="7">
              <value>
                <![CDATA[0]]>
              </value>
            </param>
          </params>
          <reporter-output>
          </reporter-output>
        </test-method> <!-- Create_User -->
        <test-method signature="Get_User(java.lang.String)[pri:2, instance:api.test.Data_Driven_User_Test@7b98f307]" started-at="2024-03-19T13:03:23 IST" name="Get_User" data-provider="user_name" finished-at="2024-03-19T13:03:24 IST" duration-ms="1551" status="PASS">
          <params>
            <param index="0">
              <value>
                <![CDATA[Test1]]>
              </value>
            </param>
          </params>
          <reporter-output>
          </reporter-output>
        </test-method> <!-- Get_User -->
        <test-method signature="Get_User(java.lang.String)[pri:2, instance:api.test.Data_Driven_User_Test@7b98f307]" started-at="2024-03-19T13:03:24 IST" name="Get_User" data-provider="user_name" finished-at="2024-03-19T13:03:26 IST" duration-ms="1954" status="PASS">
          <params>
            <param index="0">
              <value>
                <![CDATA[Test2]]>
              </value>
            </param>
          </params>
          <reporter-output>
          </reporter-output>
        </test-method> <!-- Get_User -->
        <test-method signature="Get_User(java.lang.String)[pri:2, instance:api.test.Data_Driven_User_Test@7b98f307]" started-at="2024-03-19T13:03:26 IST" name="Get_User" data-provider="user_name" finished-at="2024-03-19T13:03:29 IST" duration-ms="2553" status="PASS">
          <params>
            <param index="0">
              <value>
                <![CDATA[Test3]]>
              </value>
            </param>
          </params>
          <reporter-output>
          </reporter-output>
        </test-method> <!-- Get_User -->
        <test-method signature="Get_User(java.lang.String)[pri:2, instance:api.test.Data_Driven_User_Test@7b98f307]" started-at="2024-03-19T13:03:29 IST" name="Get_User" data-provider="user_name" finished-at="2024-03-19T13:03:31 IST" duration-ms="1633" status="PASS">
          <params>
            <param index="0">
              <value>
                <![CDATA[Test4]]>
              </value>
            </param>
          </params>
          <reporter-output>
          </reporter-output>
        </test-method> <!-- Get_User -->
        <test-method signature="Get_User(java.lang.String)[pri:2, instance:api.test.Data_Driven_User_Test@7b98f307]" started-at="2024-03-19T13:03:31 IST" name="Get_User" data-provider="user_name" finished-at="2024-03-19T13:03:53 IST" duration-ms="22594" status="PASS">
          <params>
            <param index="0">
              <value>
                <![CDATA[Test5]]>
              </value>
            </param>
          </params>
          <reporter-output>
          </reporter-output>
        </test-method> <!-- Get_User -->
        <test-method signature="delete_User(java.lang.String)[pri:3, instance:api.test.Data_Driven_User_Test@7b98f307]" started-at="2024-03-19T13:03:53 IST" name="delete_User" data-provider="user_name" finished-at="2024-03-19T13:03:55 IST" duration-ms="1654" status="PASS">
          <params>
            <param index="0">
              <value>
                <![CDATA[Test1]]>
              </value>
            </param>
          </params>
          <reporter-output>
          </reporter-output>
        </test-method> <!-- delete_User -->
        <test-method signature="delete_User(java.lang.String)[pri:3, instance:api.test.Data_Driven_User_Test@7b98f307]" started-at="2024-03-19T13:03:55 IST" name="delete_User" data-provider="user_name" finished-at="2024-03-19T13:03:56 IST" duration-ms="1404" status="PASS">
          <params>
            <param index="0">
              <value>
                <![CDATA[Test2]]>
              </value>
            </param>
          </params>
          <reporter-output>
          </reporter-output>
        </test-method> <!-- delete_User -->
        <test-method signature="delete_User(java.lang.String)[pri:3, instance:api.test.Data_Driven_User_Test@7b98f307]" started-at="2024-03-19T13:03:56 IST" name="delete_User" data-provider="user_name" finished-at="2024-03-19T13:03:59 IST" duration-ms="2432" status="PASS">
          <params>
            <param index="0">
              <value>
                <![CDATA[Test3]]>
              </value>
            </param>
          </params>
          <reporter-output>
          </reporter-output>
        </test-method> <!-- delete_User -->
        <test-method signature="delete_User(java.lang.String)[pri:3, instance:api.test.Data_Driven_User_Test@7b98f307]" started-at="2024-03-19T13:03:59 IST" name="delete_User" data-provider="user_name" finished-at="2024-03-19T13:04:24 IST" duration-ms="25109" status="PASS">
          <params>
            <param index="0">
              <value>
                <![CDATA[Test4]]>
              </value>
            </param>
          </params>
          <reporter-output>
          </reporter-output>
        </test-method> <!-- delete_User -->
        <test-method signature="delete_User(java.lang.String)[pri:3, instance:api.test.Data_Driven_User_Test@7b98f307]" started-at="2024-03-19T13:04:24 IST" name="delete_User" data-provider="user_name" finished-at="2024-03-19T13:04:26 IST" duration-ms="1698" status="PASS">
          <params>
            <param index="0">
              <value>
                <![CDATA[Test5]]>
              </value>
            </param>
          </params>
          <reporter-output>
          </reporter-output>
        </test-method> <!-- delete_User -->
      </class> <!-- api.test.Data_Driven_User_Test -->
      <class name="api.test.User_Test_Case">
        <test-method is-config="true" signature="Setup_data()[pri:0, instance:api.test.User_Test_Case@3270d194]" started-at="2024-03-19T13:02:56 IST" name="Setup_data" finished-at="2024-03-19T13:02:57 IST" duration-ms="1353" status="PASS">
          <reporter-output>
          </reporter-output>
        </test-method> <!-- Setup_data -->
        <test-method signature="create_user()[pri:1, instance:api.test.User_Test_Case@3270d194]" started-at="2024-03-19T13:02:57 IST" name="create_user" finished-at="2024-03-19T13:03:02 IST" duration-ms="4663" status="PASS">
          <reporter-output>
          </reporter-output>
        </test-method> <!-- create_user -->
        <test-method signature="get_user()[pri:2, instance:api.test.User_Test_Case@3270d194]" started-at="2024-03-19T13:03:02 IST" name="get_user" finished-at="2024-03-19T13:03:04 IST" duration-ms="2228" status="PASS">
          <reporter-output>
          </reporter-output>
        </test-method> <!-- get_user -->
        <test-method signature="update_user()[pri:3, instance:api.test.User_Test_Case@3270d194]" started-at="2024-03-19T13:03:04 IST" name="update_user" finished-at="2024-03-19T13:03:08 IST" duration-ms="4055" status="PASS">
          <reporter-output>
          </reporter-output>
        </test-method> <!-- update_user -->
        <test-method signature="delete_user()[pri:4, instance:api.test.User_Test_Case@3270d194]" started-at="2024-03-19T13:03:08 IST" name="delete_user" finished-at="2024-03-19T13:03:10 IST" duration-ms="1871" status="PASS">
          <reporter-output>
          </reporter-output>
        </test-method> <!-- delete_user -->
      </class> <!-- api.test.User_Test_Case -->
      <class name="api.test.User_properties_file">
        <test-method is-config="true" signature="Setup_data()[pri:0, instance:api.test.User_properties_file@4802796d]" started-at="2024-03-19T13:04:26 IST" name="Setup_data" finished-at="2024-03-19T13:04:26 IST" duration-ms="100" status="PASS">
          <reporter-output>
          </reporter-output>
        </test-method> <!-- Setup_data -->
        <test-method signature="create_user()[pri:1, instance:api.test.User_properties_file@4802796d]" started-at="2024-03-19T13:04:26 IST" name="create_user" finished-at="2024-03-19T13:04:27 IST" duration-ms="1630" status="PASS">
          <reporter-output>
          </reporter-output>
        </test-method> <!-- create_user -->
        <test-method signature="get_user()[pri:2, instance:api.test.User_properties_file@4802796d]" started-at="2024-03-19T13:04:27 IST" name="get_user" finished-at="2024-03-19T13:04:30 IST" duration-ms="2078" status="PASS">
          <reporter-output>
          </reporter-output>
        </test-method> <!-- get_user -->
        <test-method signature="update_user()[pri:3, instance:api.test.User_properties_file@4802796d]" started-at="2024-03-19T13:04:30 IST" name="update_user" finished-at="2024-03-19T13:04:33 IST" duration-ms="3153" status="PASS">
          <reporter-output>
          </reporter-output>
        </test-method> <!-- update_user -->
        <test-method signature="delete_user()[pri:4, instance:api.test.User_properties_file@4802796d]" started-at="2024-03-19T13:04:33 IST" name="delete_user" finished-at="2024-03-19T13:04:34 IST" duration-ms="1388" status="PASS">
          <reporter-output>
          </reporter-output>
        </test-method> <!-- delete_user -->
      </class> <!-- api.test.User_properties_file -->
    </test> <!-- Test -->
  </suite> <!-- Suite -->
</testng-results>
