<?xml version="1.0" encoding="UTF-8"?>
<testng-results ignored="0" total="23" passed="23" failed="0" skipped="0">
  <reporter-output>
  </reporter-output>
  <suite started-at="2024-03-17T13:26:04 IST" name="Suite" finished-at="2024-03-17T13:26:54 IST" duration-ms="49456">
    <groups>
    </groups>
    <test started-at="2024-03-17T13:26:04 IST" name="Test" finished-at="2024-03-17T13:26:54 IST" duration-ms="49456">
      <class name="api.test.Data_Driven_User_Test">
        <test-method signature="Create_User(java.lang.String,java.lang.String,java.lang.String,java.lang.String,java.lang.String,java.lang.String,java.lang.String,java.lang.String)[pri:1, instance:api.test.Data_Driven_User_Test@73a1e9a9]" started-at="2024-03-17T13:26:21 IST" name="Create_User" data-provider="User_info" finished-at="2024-03-17T13:26:23 IST" duration-ms="1617" status="PASS">
          <params>
            <param index="0">
              <value>
                <![CDATA[1234]]>
              </value>
            </param>
            <param index="1">
              <value>
                <![CDATA[Test1]]>
              </value>
            </param>
            <param index="2">
              <value>
                <![CDATA[Shashikant]]>
              </value>
            </param>
            <param index="3">
              <value>
                <![CDATA[Kokitakar]]>
              </value>
            </param>
            <param index="4">
              <value>
                <![CDATA[Test1@mail.com]]>
              </value>
            </param>
            <param index="5">
              <value>
                <![CDATA[Test1@1]]>
              </value>
            </param>
            <param index="6">
              <value>
                <![CDATA[1234567890]]>
              </value>
            </param>
            <param index="7">
              <value>
                <![CDATA[0]]>
              </value>
            </param>
          </params>
          <reporter-output>
          </reporter-output>
        </test-method> <!-- Create_User -->
        <test-method signature="Create_User(java.lang.String,java.lang.String,java.lang.String,java.lang.String,java.lang.String,java.lang.String,java.lang.String,java.lang.String)[pri:1, instance:api.test.Data_Driven_User_Test@73a1e9a9]" started-at="2024-03-17T13:26:23 IST" name="Create_User" data-provider="User_info" finished-at="2024-03-17T13:26:24 IST" duration-ms="1672" status="PASS">
          <params>
            <param index="0">
              <value>
                <![CDATA[1235]]>
              </value>
            </param>
            <param index="1">
              <value>
                <![CDATA[Test2]]>
              </value>
            </param>
            <param index="2">
              <value>
                <![CDATA[Shekhar]]>
              </value>
            </param>
            <param index="3">
              <value>
                <![CDATA[Kokitakar]]>
              </value>
            </param>
            <param index="4">
              <value>
                <![CDATA[Test2@mail.com]]>
              </value>
            </param>
            <param index="5">
              <value>
                <![CDATA[Test2@2]]>
              </value>
            </param>
            <param index="6">
              <value>
                <![CDATA[1234567891]]>
              </value>
            </param>
            <param index="7">
              <value>
                <![CDATA[0]]>
              </value>
            </param>
          </params>
          <reporter-output>
          </reporter-output>
        </test-method> <!-- Create_User -->
        <test-method signature="Create_User(java.lang.String,java.lang.String,java.lang.String,java.lang.String,java.lang.String,java.lang.String,java.lang.String,java.lang.String)[pri:1, instance:api.test.Data_Driven_User_Test@73a1e9a9]" started-at="2024-03-17T13:26:24 IST" name="Create_User" data-provider="User_info" finished-at="2024-03-17T13:26:26 IST" duration-ms="1589" status="PASS">
          <params>
            <param index="0">
              <value>
                <![CDATA[1236]]>
              </value>
            </param>
            <param index="1">
              <value>
                <![CDATA[Test3]]>
              </value>
            </param>
            <param index="2">
              <value>
                <![CDATA[Shreya]]>
              </value>
            </param>
            <param index="3">
              <value>
                <![CDATA[Salve]]>
              </value>
            </param>
            <param index="4">
              <value>
                <![CDATA[Test3@mail.com]]>
              </value>
            </param>
            <param index="5">
              <value>
                <![CDATA[Test3@3]]>
              </value>
            </param>
            <param index="6">
              <value>
                <![CDATA[1234567892]]>
              </value>
            </param>
            <param index="7">
              <value>
                <![CDATA[0]]>
              </value>
            </param>
          </params>
          <reporter-output>
          </reporter-output>
        </test-method> <!-- Create_User -->
        <test-method signature="Create_User(java.lang.String,java.lang.String,java.lang.String,java.lang.String,java.lang.String,java.lang.String,java.lang.String,java.lang.String)[pri:1, instance:api.test.Data_Driven_User_Test@73a1e9a9]" started-at="2024-03-17T13:26:26 IST" name="Create_User" data-provider="User_info" finished-at="2024-03-17T13:26:28 IST" duration-ms="1574" status="PASS">
          <params>
            <param index="0">
              <value>
                <![CDATA[1237]]>
              </value>
            </param>
            <param index="1">
              <value>
                <![CDATA[Test4]]>
              </value>
            </param>
            <param index="2">
              <value>
                <![CDATA[Vighnesh]]>
              </value>
            </param>
            <param index="3">
              <value>
                <![CDATA[Pradhan]]>
              </value>
            </param>
            <param index="4">
              <value>
                <![CDATA[Test4@mail.com]]>
              </value>
            </param>
            <param index="5">
              <value>
                <![CDATA[Test4@4]]>
              </value>
            </param>
            <param index="6">
              <value>
                <![CDATA[1234567893]]>
              </value>
            </param>
            <param index="7">
              <value>
                <![CDATA[0]]>
              </value>
            </param>
          </params>
          <reporter-output>
          </reporter-output>
        </test-method> <!-- Create_User -->
        <test-method signature="Create_User(java.lang.String,java.lang.String,java.lang.String,java.lang.String,java.lang.String,java.lang.String,java.lang.String,java.lang.String)[pri:1, instance:api.test.Data_Driven_User_Test@73a1e9a9]" started-at="2024-03-17T13:26:28 IST" name="Create_User" data-provider="User_info" finished-at="2024-03-17T13:26:29 IST" duration-ms="1669" status="PASS">
          <params>
            <param index="0">
              <value>
                <![CDATA[1238]]>
              </value>
            </param>
            <param index="1">
              <value>
                <![CDATA[Test5]]>
              </value>
            </param>
            <param index="2">
              <value>
                <![CDATA[Shreyas]]>
              </value>
            </param>
            <param index="3">
              <value>
                <![CDATA[Salve]]>
              </value>
            </param>
            <param index="4">
              <value>
                <![CDATA[Test5@mail.com]]>
              </value>
            </param>
            <param index="5">
              <value>
                <![CDATA[Test5@5]]>
              </value>
            </param>
            <param index="6">
              <value>
                <![CDATA[1234567894]]>
              </value>
            </param>
            <param index="7">
              <value>
                <![CDATA[0]]>
              </value>
            </param>
          </params>
          <reporter-output>
          </reporter-output>
        </test-method> <!-- Create_User -->
        <test-method signature="Get_User(java.lang.String)[pri:2, instance:api.test.Data_Driven_User_Test@73a1e9a9]" started-at="2024-03-17T13:26:29 IST" name="Get_User" data-provider="user_name" finished-at="2024-03-17T13:26:31 IST" duration-ms="1644" status="PASS">
          <params>
            <param index="0">
              <value>
                <![CDATA[Test1]]>
              </value>
            </param>
          </params>
          <reporter-output>
          </reporter-output>
        </test-method> <!-- Get_User -->
        <test-method signature="Get_User(java.lang.String)[pri:2, instance:api.test.Data_Driven_User_Test@73a1e9a9]" started-at="2024-03-17T13:26:31 IST" name="Get_User" data-provider="user_name" finished-at="2024-03-17T13:26:33 IST" duration-ms="1588" status="PASS">
          <params>
            <param index="0">
              <value>
                <![CDATA[Test2]]>
              </value>
            </param>
          </params>
          <reporter-output>
          </reporter-output>
        </test-method> <!-- Get_User -->
        <test-method signature="Get_User(java.lang.String)[pri:2, instance:api.test.Data_Driven_User_Test@73a1e9a9]" started-at="2024-03-17T13:26:33 IST" name="Get_User" data-provider="user_name" finished-at="2024-03-17T13:26:34 IST" duration-ms="1593" status="PASS">
          <params>
            <param index="0">
              <value>
                <![CDATA[Test3]]>
              </value>
            </param>
          </params>
          <reporter-output>
          </reporter-output>
        </test-method> <!-- Get_User -->
        <test-method signature="Get_User(java.lang.String)[pri:2, instance:api.test.Data_Driven_User_Test@73a1e9a9]" started-at="2024-03-17T13:26:34 IST" name="Get_User" data-provider="user_name" finished-at="2024-03-17T13:26:36 IST" duration-ms="1557" status="PASS">
          <params>
            <param index="0">
              <value>
                <![CDATA[Test4]]>
              </value>
            </param>
          </params>
          <reporter-output>
          </reporter-output>
        </test-method> <!-- Get_User -->
        <test-method signature="Get_User(java.lang.String)[pri:2, instance:api.test.Data_Driven_User_Test@73a1e9a9]" started-at="2024-03-17T13:26:36 IST" name="Get_User" data-provider="user_name" finished-at="2024-03-17T13:26:37 IST" duration-ms="1555" status="PASS">
          <params>
            <param index="0">
              <value>
                <![CDATA[Test5]]>
              </value>
            </param>
          </params>
          <reporter-output>
          </reporter-output>
        </test-method> <!-- Get_User -->
        <test-method signature="delete_User(java.lang.String)[pri:3, instance:api.test.Data_Driven_User_Test@73a1e9a9]" started-at="2024-03-17T13:26:38 IST" name="delete_User" data-provider="user_name" finished-at="2024-03-17T13:26:39 IST" duration-ms="1536" status="PASS">
          <params>
            <param index="0">
              <value>
                <![CDATA[Test1]]>
              </value>
            </param>
          </params>
          <reporter-output>
          </reporter-output>
        </test-method> <!-- delete_User -->
        <test-method signature="delete_User(java.lang.String)[pri:3, instance:api.test.Data_Driven_User_Test@73a1e9a9]" started-at="2024-03-17T13:26:39 IST" name="delete_User" data-provider="user_name" finished-at="2024-03-17T13:26:41 IST" duration-ms="1554" status="PASS">
          <params>
            <param index="0">
              <value>
                <![CDATA[Test2]]>
              </value>
            </param>
          </params>
          <reporter-output>
          </reporter-output>
        </test-method> <!-- delete_User -->
        <test-method signature="delete_User(java.lang.String)[pri:3, instance:api.test.Data_Driven_User_Test@73a1e9a9]" started-at="2024-03-17T13:26:41 IST" name="delete_User" data-provider="user_name" finished-at="2024-03-17T13:26:42 IST" duration-ms="1729" status="PASS">
          <params>
            <param index="0">
              <value>
                <![CDATA[Test3]]>
              </value>
            </param>
          </params>
          <reporter-output>
          </reporter-output>
        </test-method> <!-- delete_User -->
        <test-method signature="delete_User(java.lang.String)[pri:3, instance:api.test.Data_Driven_User_Test@73a1e9a9]" started-at="2024-03-17T13:26:42 IST" name="delete_User" data-provider="user_name" finished-at="2024-03-17T13:26:44 IST" duration-ms="1617" status="PASS">
          <params>
            <param index="0">
              <value>
                <![CDATA[Test4]]>
              </value>
            </param>
          </params>
          <reporter-output>
          </reporter-output>
        </test-method> <!-- delete_User -->
        <test-method signature="delete_User(java.lang.String)[pri:3, instance:api.test.Data_Driven_User_Test@73a1e9a9]" started-at="2024-03-17T13:26:44 IST" name="delete_User" data-provider="user_name" finished-at="2024-03-17T13:26:46 IST" duration-ms="1603" status="PASS">
          <params>
            <param index="0">
              <value>
                <![CDATA[Test5]]>
              </value>
            </param>
          </params>
          <reporter-output>
          </reporter-output>
        </test-method> <!-- delete_User -->
      </class> <!-- api.test.Data_Driven_User_Test -->
      <class name="api.test.User_Test_Case">
        <test-method is-config="true" signature="Setup_data()[pri:0, instance:api.test.User_Test_Case@55141def]" started-at="2024-03-17T13:26:05 IST" name="Setup_data" finished-at="2024-03-17T13:26:06 IST" duration-ms="1427" status="PASS">
          <reporter-output>
          </reporter-output>
        </test-method> <!-- Setup_data -->
        <test-method signature="create_user()[pri:1, instance:api.test.User_Test_Case@55141def]" started-at="2024-03-17T13:26:06 IST" name="create_user" finished-at="2024-03-17T13:26:11 IST" duration-ms="5238" status="PASS">
          <reporter-output>
          </reporter-output>
        </test-method> <!-- create_user -->
        <test-method signature="get_user()[pri:2, instance:api.test.User_Test_Case@55141def]" started-at="2024-03-17T13:26:12 IST" name="get_user" finished-at="2024-03-17T13:26:13 IST" duration-ms="1646" status="PASS">
          <reporter-output>
          </reporter-output>
        </test-method> <!-- get_user -->
        <test-method signature="update_user()[pri:3, instance:api.test.User_Test_Case@55141def]" started-at="2024-03-17T13:26:13 IST" name="update_user" finished-at="2024-03-17T13:26:16 IST" duration-ms="3204" status="PASS">
          <reporter-output>
          </reporter-output>
        </test-method> <!-- update_user -->
        <test-method signature="delete_user()[pri:4, instance:api.test.User_Test_Case@55141def]" started-at="2024-03-17T13:26:16 IST" name="delete_user" finished-at="2024-03-17T13:26:18 IST" duration-ms="1707" status="PASS">
          <reporter-output>
          </reporter-output>
        </test-method> <!-- delete_user -->
      </class> <!-- api.test.User_Test_Case -->
      <class name="api.test.User_properties_file">
        <test-method is-config="true" signature="Setup_data()[pri:0, instance:api.test.User_properties_file@71d44a3]" started-at="2024-03-17T13:26:46 IST" name="Setup_data" finished-at="2024-03-17T13:26:46 IST" duration-ms="114" status="PASS">
          <reporter-output>
          </reporter-output>
        </test-method> <!-- Setup_data -->
        <test-method signature="create_user()[pri:1, instance:api.test.User_properties_file@71d44a3]" started-at="2024-03-17T13:26:46 IST" name="create_user" finished-at="2024-03-17T13:26:47 IST" duration-ms="1490" status="PASS">
          <reporter-output>
          </reporter-output>
        </test-method> <!-- create_user -->
        <test-method signature="get_user()[pri:2, instance:api.test.User_properties_file@71d44a3]" started-at="2024-03-17T13:26:47 IST" name="get_user" finished-at="2024-03-17T13:26:49 IST" duration-ms="1593" status="PASS">
          <reporter-output>
          </reporter-output>
        </test-method> <!-- get_user -->
        <test-method signature="update_user()[pri:3, instance:api.test.User_properties_file@71d44a3]" started-at="2024-03-17T13:26:49 IST" name="update_user" finished-at="2024-03-17T13:26:52 IST" duration-ms="3184" status="PASS">
          <reporter-output>
          </reporter-output>
        </test-method> <!-- update_user -->
        <test-method signature="delete_user()[pri:4, instance:api.test.User_properties_file@71d44a3]" started-at="2024-03-17T13:26:52 IST" name="delete_user" finished-at="2024-03-17T13:26:54 IST" duration-ms="1593" status="PASS">
          <reporter-output>
          </reporter-output>
        </test-method> <!-- delete_user -->
      </class> <!-- api.test.User_properties_file -->
    </test> <!-- Test -->
  </suite> <!-- Suite -->
</testng-results>
